<?xml version="1.0" encoding="UTF-8"?>
<!-- Generated by org.testng.reporters.JUnitReportReporter -->
<testsuite hostname="DESKTOP-MUG33TE" failures="0" tests="4" name="com.practice.practice_DataProvider_TestNG" time="0.019" errors="0" timestamp="2023-01-06T17:01:47 IST" skipped="0">
  <testcase classname="com.practice.practice_DataProvider_TestNG" name="travel" time="0.002"/>
  <system-out/>
  <testcase classname="com.practice.practice_DataProvider_TestNG" name="travel" time="0.003"/>
  <system-out/>
  <testcase classname="com.practice.practice_DataProvider_TestNG" name="travel" time="0.003"/>
  <system-out/>
  <testcase classname="com.practice.practice_DataProvider_TestNG" name="travel" time="0.011"/>
  <system-out/>
</testsuite> <!-- com.practice.practice_DataProvider_TestNG -->
