<?xml version="1.0" encoding="UTF-8"?>
<!-- Generated by org.testng.reporters.JUnitReportReporter -->
<testsuite hostname="DESKTOP-MUG33TE" failures="0" tests="2" name="com.practice.Different_Annotations" time="0.011" errors="0" timestamp="2023-01-09T13:15:41 IST" skipped="0">
  <testcase classname="com.practice.Different_Annotations" name="test" time="0.003"/>
  <system-out/>
  <testcase classname="com.practice.Different_Annotations" name="t20" time="0.008"/>
  <system-out/>
</testsuite> <!-- com.practice.Different_Annotations -->
