<?xml version="1.0" encoding="UTF-8"?>
<!-- Generated by org.testng.reporters.JUnitReportReporter -->
<testsuite hostname="DESKTOP-MUG33TE" failures="0" tests="1" name="com.practice.SampleTestNG_Test_1" time="0.002" errors="0" timestamp="2023-01-10T16:24:05 IST" skipped="0">
  <testcase classname="com.practice.SampleTestNG_Test_1" name="oneDown" time="0.002"/>
  <system-out/>
</testsuite> <!-- com.practice.SampleTestNG_Test_1 -->
