<?xml version="1.0" encoding="UTF-8"?>
<!-- Generated by org.testng.reporters.JUnitReportReporter -->
<testsuite hostname="DESKTOP-MUG33TE" failures="0" tests="8" name="com.practice.SampleTest_TestNG" time="0.031" errors="0" timestamp="2023-01-06T13:01:04 IST" skipped="0">
  <testcase classname="com.practice.SampleTest_TestNG" name="update" time="0.002"/>
  <system-out/>
  <testcase classname="com.practice.SampleTest_TestNG" name="delete" time="0.011"/>
  <system-out/>
  <testcase classname="com.practice.SampleTest_TestNG" name="create" time="0.005"/>
  <system-out/>
  <testcase classname="com.practice.SampleTest_TestNG" name="create" time="0.002"/>
  <system-out/>
  <testcase classname="com.practice.SampleTest_TestNG" name="create" time="0.002"/>
  <system-out/>
  <testcase classname="com.practice.SampleTest_TestNG" name="create" time="0.003"/>
  <system-out/>
  <testcase classname="com.practice.SampleTest_TestNG" name="create" time="0.004"/>
  <system-out/>
  <testcase classname="com.practice.SampleTest_TestNG" name="create" time="0.002"/>
  <system-out/>
</testsuite> <!-- com.practice.SampleTest_TestNG -->
