<?xml version="1.0" encoding="UTF-8"?>
<!-- Generated by org.testng.reporters.JUnitReportReporter -->
<testsuite hostname="DESKTOP-MUG33TE" failures="0" tests="1" name="Customer_Module.CreateCustomerAndSearch_Integration_POM_Test" time="50.200" errors="0" timestamp="2023-01-09T17:49:26 IST" skipped="0">
  <testcase classname="Customer_Module.CreateCustomerAndSearch_Integration_POM_Test" name="customerSearch" time="50.200"/>
  <system-out/>
</testsuite> <!-- Customer_Module.CreateCustomerAndSearch_Integration_POM_Test -->
