<?xml version="1.0" encoding="UTF-8"?>
<!-- Generated by org.testng.reporters.JUnitReportReporter -->
<testsuite hostname="DESKTOP-MUG33TE" failures="0" tests="1" name="Supplier_Module.CreateSupplier_POM_Test" time="11.803" errors="0" timestamp="2023-01-09T17:36:29 IST" skipped="0">
  <testcase classname="Supplier_Module.CreateSupplier_POM_Test" name="addSupplier" time="11.803"/>
  <system-out/>
</testsuite> <!-- Supplier_Module.CreateSupplier_POM_Test -->
