<?xml version="1.0" encoding="UTF-8"?>
<!-- Generated by org.testng.reporters.JUnitReportReporter -->
<testsuite hostname="DESKTOP-MUG33TE" failures="0" tests="8" name="com.practice.practice_DataProvider_Excel_Test" time="0.041" errors="0" timestamp="2023-01-09T12:11:00 IST" skipped="0">
  <testcase classname="com.practice.practice_DataProvider_Excel_Test" name="europeTour" time="0.009"/>
  <system-out/>
  <testcase classname="com.practice.practice_DataProvider_Excel_Test" name="europeTour" time="0.001"/>
  <system-out/>
  <testcase classname="com.practice.practice_DataProvider_Excel_Test" name="europeTour" time="0.008"/>
  <system-out/>
  <testcase classname="com.practice.practice_DataProvider_Excel_Test" name="europeTour" time="0.012"/>
  <system-out/>
  <testcase classname="com.practice.practice_DataProvider_Excel_Test" name="europeTour" time="0.002"/>
  <system-out/>
  <testcase classname="com.practice.practice_DataProvider_Excel_Test" name="europeTour" time="0.002"/>
  <system-out/>
  <testcase classname="com.practice.practice_DataProvider_Excel_Test" name="europeTour" time="0.005"/>
  <system-out/>
  <testcase classname="com.practice.practice_DataProvider_Excel_Test" name="europeTour" time="0.002"/>
  <system-out/>
</testsuite> <!-- com.practice.practice_DataProvider_Excel_Test -->
