<?xml version="1.0" encoding="UTF-8"?>
<!-- Generated by org.testng.reporters.JUnitReportReporter -->
<testsuite hostname="DESKTOP-MUG33TE" failures="0" tests="3" name="Accounts_Module.CreateUserAccount_POM_Test" time="42.308" errors="0" timestamp="2023-01-11T12:27:18 IST" skipped="0">
  <testcase classname="Accounts_Module.CreateUserAccount_POM_Test" name="addUser" time="4.321"/>
  <system-out/>
  <testcase classname="Accounts_Module.CreateUserAccount_POM_Test" name="addUser" time="29.568"/>
  <system-out/>
  <testcase classname="Accounts_Module.CreateUserAccount_POM_Test" name="addUser" time="8.419"/>
  <system-out/>
</testsuite> <!-- Accounts_Module.CreateUserAccount_POM_Test -->
