<?xml version="1.0" encoding="UTF-8"?>
<!-- Generated by org.testng.reporters.JUnitXMLReporter -->
<testsuite ignored="6" hostname="DESKTOP-MUG33TE" failures="0" tests="4" name="Test-Runner-1" time="262.157" errors="0" timestamp="2023-01-11T12:24:21 IST">
  <testcase classname="Product_Module.CreateProduct_POM_Test" name="addProduct" time="34.866"/>
  <testcase classname="Accounts_Module.CreateUserAccount_POM_Test" name="addUser" time="17.37"/>
  <testcase classname="Customer_Module.CreateCustomer_POM_Test" name="addCustomer" time="26.906"/>
  <testcase classname="Employee_Module.CreateEmployee_POM_Test" name="addEmployee" time="24.144"/>
  <testcase classname="com.sis.genericUtility.Base_Class" name="@AfterSuite configAS_SIS" time="0.0">
    <ignored/>
  </testcase> <!-- @AfterSuite configAS_SIS -->
  <testcase classname="com.sis.genericUtility.Base_Class" name="@AfterSuite configAS_SIS" time="0.0">
    <ignored/>
  </testcase> <!-- @AfterSuite configAS_SIS -->
  <testcase classname="com.sis.genericUtility.Base_Class" name="@AfterSuite configAS_SIS" time="0.0">
    <ignored/>
  </testcase> <!-- @AfterSuite configAS_SIS -->
  <testcase classname="com.sis.genericUtility.Base_Class" name="@BeforeSuite configBS_SIS" time="0.0">
    <ignored/>
  </testcase> <!-- @BeforeSuite configBS_SIS -->
  <testcase classname="com.sis.genericUtility.Base_Class" name="@BeforeSuite configBS_SIS" time="0.0">
    <ignored/>
  </testcase> <!-- @BeforeSuite configBS_SIS -->
  <testcase classname="com.sis.genericUtility.Base_Class" name="@BeforeSuite configBS_SIS" time="0.0">
    <ignored/>
  </testcase> <!-- @BeforeSuite configBS_SIS -->
</testsuite> <!-- Test-Runner-1 -->
