<?xml version="1.0" encoding="UTF-8"?>
<!-- Generated by org.testng.reporters.JUnitXMLReporter -->
<testsuite ignored="6" hostname="DESKTOP-MUG33TE" failures="0" tests="4" name="Test-Runner-2" time="116.638" errors="0" timestamp="2023-01-11T12:26:18 IST">
  <testcase classname="Product_Module.CreateProduct_POM_Test" name="addProduct" time="13.625"/>
  <testcase classname="Accounts_Module.CreateUserAccount_POM_Test" name="addUser" time="3.488"/>
  <testcase classname="Customer_Module.CreateCustomer_POM_Test" name="addCustomer" time="5.375"/>
  <testcase classname="Employee_Module.CreateEmployee_POM_Test" name="addEmployee" time="3.702"/>
  <testcase classname="com.sis.genericUtility.Base_Class" name="@AfterSuite configAS_SIS" time="0.0">
    <ignored/>
  </testcase> <!-- @AfterSuite configAS_SIS -->
  <testcase classname="com.sis.genericUtility.Base_Class" name="@AfterSuite configAS_SIS" time="0.0">
    <ignored/>
  </testcase> <!-- @AfterSuite configAS_SIS -->
  <testcase classname="com.sis.genericUtility.Base_Class" name="@AfterSuite configAS_SIS" time="0.0">
    <ignored/>
  </testcase> <!-- @AfterSuite configAS_SIS -->
  <testcase classname="com.sis.genericUtility.Base_Class" name="@BeforeSuite configBS_SIS" time="0.0">
    <ignored/>
  </testcase> <!-- @BeforeSuite configBS_SIS -->
  <testcase classname="com.sis.genericUtility.Base_Class" name="@BeforeSuite configBS_SIS" time="0.0">
    <ignored/>
  </testcase> <!-- @BeforeSuite configBS_SIS -->
  <testcase classname="com.sis.genericUtility.Base_Class" name="@BeforeSuite configBS_SIS" time="0.0">
    <ignored/>
  </testcase> <!-- @BeforeSuite configBS_SIS -->
</testsuite> <!-- Test-Runner-2 -->
